<?xml version="1.0" encoding="utf-8" standalone="no"?>
<test-results xmlns:xsi="http://www.w3.org/2001/XMLSchema-instance" xsi:noNamespaceSchemaLocation="nunit_schema_2.5.xsd" name="Pester" total="12" errors="0" failures="0" not-run="0" inconclusive="0" ignored="0" skipped="0" invalid="0" date="2017-11-16" time="20:16:43">
  <environment user="avlad" machine-name="AVLADUTEST" cwd="C:\Users\avlad\work\projects\imaging-tools\windows-openstack-imaging-tools" user-domain="AVLADUTEST" platform="Microsoft Windows 10 Pro|C:\WINDOWS|\Device\Harddisk1\Partition4" nunit-version="2.5.8.0" os-version="10.0.15063" clr-version="4.0.30319.42000" />
  <culture-info current-culture="en-US" current-uiculture="en-US" />
  <test-suite type="Powershell" name="Pester" executed="True" result="Success" success="True" time="8.0833" asserts="0">
    <results>
      <test-suite type="TestFixture" name="Test New-WindowsCloudImage" executed="True" result="Success" success="True" time="3.3985" asserts="0" description="Test New-WindowsCloudImage">
        <results>
          <test-case description="Should create a windows image" name="Test New-WindowsCloudImage.Should create a windows image" time="3.051" asserts="0" success="True" result="Success" executed="True" />
          <test-case description="should run all mocked commands" name="Test New-WindowsCloudImage.should run all mocked commands" time="0.3475" asserts="0" success="True" result="Success" executed="True" />
        </results>
      </test-suite>
      <test-suite type="TestFixture" name="Test Get-WimFileImagesInfo" executed="True" result="Success" success="True" time="0.2717" asserts="0" description="Test Get-WimFileImagesInfo">
        <results>
          <test-case description="Should return fake images" name="Test Get-WimFileImagesInfo.Should return fake images" time="0.2717" asserts="0" success="True" result="Success" executed="True" />
        </results>
      </test-suite>
      <test-suite type="TestFixture" name="Test Resize-VHDImage" executed="True" result="Success" success="True" time="2.0882" asserts="0" description="Test Resize-VHDImage">
        <results>
          <test-case description="Should resize a vhd image" name="Test Resize-VHDImage.Should resize a vhd image" time="2.0545" asserts="0" success="True" result="Success" executed="True" />
          <test-case description="should run all mocked commands" name="Test Resize-VHDImage.should run all mocked commands" time="0.0337" asserts="0" success="True" result="Success" executed="True" />
        </results>
      </test-suite>
      <test-suite type="TestFixture" name="Test New-WindowsOnlineImage" executed="True" result="Success" success="True" time="1.5861" asserts="0" description="Test New-WindowsOnlineImage">
        <results>
          <test-case description="Should create an online image" name="Test New-WindowsOnlineImage.Should create an online image" time="1.5467" asserts="0" success="True" result="Success" executed="True" />
          <test-case description="should run all mocked commands" name="Test New-WindowsOnlineImage.should run all mocked commands" time="0.0394" asserts="0" success="True" result="Success" executed="True" />
        </results>
      </test-suite>
      <test-suite type="TestFixture" name="Test Get-WindowsUpdate" executed="True" result="Success" success="True" time="0.3207" asserts="0" description="Test Get-WindowsUpdate">
        <results>
          <test-case description="Should return fake updates" name="Test Get-WindowsUpdate.Should return fake updates" time="0.3207" asserts="0" success="True" result="Success" executed="True" />
        </results>
      </test-suite>
      <test-suite type="TestFixture" name="Test Get-RebootRequired" executed="True" result="Success" success="True" time="0.418" asserts="0" description="Test Get-RebootRequired">
        <results>
          <test-case description="Should return true" name="Test Get-RebootRequired.Should return true" time="0.1765" asserts="0" success="True" result="Success" executed="True" />
          <test-case description="Should verify all methods" name="Test Get-RebootRequired.Should verify all methods" time="0.0934" asserts="0" success="True" result="Success" executed="True" />
          <test-case description="Should return false" name="Test Get-RebootRequired.Should return false" time="0.112" asserts="0" success="True" result="Success" executed="True" />
          <test-case description="Should verify all methods" name="Test Get-RebootRequired.Should verify all methods" time="0.0362" asserts="0" success="True" result="Success" executed="True" />
        </results>
      </test-suite>
    </results>
  </test-suite>
</test-results>
